<?xml version="1.0" encoding="UTF-8"?>
<!-- Generated by org.testng.reporters.JUnitReportReporter -->
<testsuite hostname="DESKTOP-M7E1LBL" failures="0" tests="1" name="selenium.pracproject.example1" time="24.823" errors="0" timestamp="2025-06-07T20:04:44 IST" skipped="0">
  <testcase classname="selenium.pracproject.example1" name="testcases" time="24.823"/>
</testsuite> <!-- selenium.pracproject.example1 -->
