<?xml version="1.0" encoding="UTF-8"?>
<!-- Generated by org.testng.reporters.JUnitReportReporter -->
<testsuite hostname="DESKTOP-M7E1LBL" failures="0" tests="2" name="selenium.pracproject.example1" time="20.591" errors="0" timestamp="2025-03-17T00:05:11 IST" skipped="0">
  <testcase classname="selenium.pracproject.example1" name="testcases" time="8.862"/>
  <testcase classname="selenium.pracproject.example1" name="testcases" time="11.729"/>
</testsuite> <!-- selenium.pracproject.example1 -->
